d:\btl2checkmemleak\x64\debug\vc143.pdb
d:\btl2checkmemleak\x64\debug\vc143.idb
d:\btl2checkmemleak\x64\debug\main.obj
d:\btl2checkmemleak\x64\debug\source.obj
d:\btl2checkmemleak\x64\debug\btl2checkmemleak.obj
d:\btl2checkmemleak\x64\debug\restaurant.obj
d:\btl2checkmemleak\x64\debug\btl2checkmemleak.pdb
d:\btl2checkmemleak\x64\debug\btl2checkmemleak.tlog\cl.command.1.tlog
d:\btl2checkmemleak\x64\debug\btl2checkmemleak.tlog\cl.read.1.tlog
d:\btl2checkmemleak\x64\debug\btl2checkmemleak.tlog\cl.write.1.tlog
d:\btl2checkmemleak\x64\debug\btl2checkmemleak.tlog\link-cvtres.read.1.tlog
d:\btl2checkmemleak\x64\debug\btl2checkmemleak.tlog\link-cvtres.write.1.tlog
d:\btl2checkmemleak\x64\debug\btl2checkmemleak.tlog\link-rc.read.1.tlog
d:\btl2checkmemleak\x64\debug\btl2checkmemleak.tlog\link-rc.write.1.tlog
d:\btl2checkmemleak\x64\debug\btl2checkmemleak.tlog\link.2604-cvtres.read.1.tlog
d:\btl2checkmemleak\x64\debug\btl2checkmemleak.tlog\link.2604-cvtres.write.1.tlog
d:\btl2checkmemleak\x64\debug\btl2checkmemleak.tlog\link.2604-rc.read.1.tlog
d:\btl2checkmemleak\x64\debug\btl2checkmemleak.tlog\link.2604-rc.write.1.tlog
d:\btl2checkmemleak\x64\debug\btl2checkmemleak.tlog\link.2604.read.1.tlog
d:\btl2checkmemleak\x64\debug\btl2checkmemleak.tlog\link.2604.read.2.tlog
d:\btl2checkmemleak\x64\debug\btl2checkmemleak.tlog\link.2604.write.1.tlog
d:\btl2checkmemleak\x64\debug\btl2checkmemleak.tlog\link.command.1.tlog
d:\btl2checkmemleak\x64\debug\btl2checkmemleak.tlog\link.read.1.tlog
d:\btl2checkmemleak\x64\debug\btl2checkmemleak.tlog\link.read.2.tlog
d:\btl2checkmemleak\x64\debug\btl2checkmemleak.tlog\link.write.1.tlog
